2020-03-09 14:22:00 _ aerodriguez
2020-03-09 14:21:10 _ fmarino
2020-03-11 14:20:11 _ vbo
2020-03-09 14:25:00 _ fmarino
2020-03-09 14:25:10 _ aerodriguez
2020-03-12 14:26:40 _ aerodriguez
2020-03-11 14:22:41 _ vbo
2020-03-12 14:32:00 _ aerodriguez
2020-03-09 14:30:10 _ aerodriguez
2020-03-09 14:32:00 _ aerodriguez
2020-03-13 14:20:41 _ miranda
2020-03-13 14:22:00 _ miranda
2020-03-13 14:30:10 _ miranda
2020-03-13 14:32:00 _ miranda
2020-03-13 14:40:10 _ miranda
2020-03-13 14:42:00 _ miranda
2020-03-14 14:30:10 _ santana
2020-03-14 14:32:00 _ santana
2020-03-14 14:40:10 _ santana
2020-03-14 14:42:00 _ santana
